[2024-12-24T12:58:51.599Z] [INFO] Launching browser
[2024-12-24T12:58:52.873Z] [INFO] Navigating to TikTok login page
[2024-12-24T12:59:00.940Z] [INFO] Loading cookies
[2024-12-24T12:59:00.948Z] [INFO] Loading 32 cookies
[2024-12-24T12:59:01.197Z] [INFO] Loading localStorage data
[2024-12-24T12:59:01.239Z] [INFO] Session data loaded successfully
[2024-12-24T12:59:01.241Z] [INFO] Validating session
[2024-12-24T12:59:01.244Z] [WARNING] Session appears to be invalid or expired
[2024-12-24T12:59:01.246Z] [ERROR] Error in PostToTiktok
Error Details: Session validation failed - cookies may be expired
Stack: Error: Session validation failed - cookies may be expired
    at PostToTiktok (C:\Users\kapal\Desktop\Quick-Samachar\modules\tiktok\tiktok.js:216:19)
    at async TikTokPostQueue.processQueue (C:\Users\kapal\Desktop\Quick-Samachar\server.js:45:21)
    at async TikTokPostQueue.enqueue (C:\Users\kapal\Desktop\Quick-Samachar\server.js:33:9)
    at async processNewsVideos (C:\Users\kapal\Desktop\Quick-Samachar\server.js:229:21)
    at async newsProcessingJob (C:\Users\kapal\Desktop\Quick-Samachar\server.js:245:5)
[2024-12-24T12:59:01.251Z] [INFO] Closing browser
[2024-12-24T13:02:56.266Z] [INFO] Launching browser
[2024-12-24T13:02:59.715Z] [INFO] Navigating to TikTok login page
[2024-12-24T13:03:09.652Z] [INFO] Loading cookies
[2024-12-24T13:03:09.663Z] [INFO] Loading 32 cookies
[2024-12-24T13:03:10.170Z] [INFO] Loading localStorage data
[2024-12-24T13:03:10.232Z] [INFO] Session data loaded successfully
[2024-12-24T13:03:10.233Z] [INFO] Validating session
[2024-12-24T13:03:10.237Z] [WARNING] Session appears to be invalid or expired
[2024-12-24T13:03:10.239Z] [ERROR] Error in PostToTiktok
Error Details: Session validation failed - cookies may be expired
Stack: Error: Session validation failed - cookies may be expired
    at PostToTiktok (C:\Users\kapal\Desktop\Quick-Samachar\modules\tiktok\tiktok.js:215:19)
    at async TikTokPostQueue.processQueue (C:\Users\kapal\Desktop\Quick-Samachar\server.js:45:21)
    at async TikTokPostQueue.enqueue (C:\Users\kapal\Desktop\Quick-Samachar\server.js:33:9)
    at async processNewsVideos (C:\Users\kapal\Desktop\Quick-Samachar\server.js:229:21)
    at async newsProcessingJob (C:\Users\kapal\Desktop\Quick-Samachar\server.js:245:5)
[2024-12-24T13:03:10.242Z] [INFO] Closing browser
[2024-12-24T13:04:21.815Z] [INFO] Launching browser
[2024-12-24T13:04:23.161Z] [INFO] Navigating to TikTok login page
[2024-12-24T13:04:30.151Z] [INFO] Loading cookies
[2024-12-24T13:04:30.163Z] [INFO] Loading 32 cookies
[2024-12-24T13:04:30.687Z] [INFO] Loading localStorage data
[2024-12-24T13:04:30.799Z] [INFO] Session data loaded successfully
[2024-12-24T13:04:30.801Z] [INFO] Navigating to upload page
[2024-12-24T13:04:40.372Z] [INFO] Waiting for file input
[2024-12-24T13:04:40.408Z] [INFO] Uploading file
[2024-12-24T13:04:42.088Z] [INFO] Upload progress: 0%
[2024-12-24T13:04:42.486Z] [INFO] Upload progress: 0%
[2024-12-24T13:04:43.478Z] [INFO] Upload progress: 0%
[2024-12-24T13:04:44.515Z] [INFO] Upload progress: 0%
[2024-12-24T13:04:45.312Z] [INFO] Upload success indicator found
[2024-12-24T13:04:45.313Z] [INFO] Upload confirmed successful, proceeding with caption
[2024-12-24T13:04:45.316Z] [INFO] Adding caption
[2024-12-24T13:04:46.233Z] [INFO] Finalizing post
[2024-12-24T13:04:51.174Z] [INFO] Post button clicked, waiting for completion
[2024-12-24T13:05:49.380Z] [INFO] Post process completed successfully
[2024-12-24T13:05:49.382Z] [INFO] Closing browser
[2024-12-24T13:06:16.400Z] [INFO] Launching browser
[2024-12-24T13:06:17.629Z] [INFO] Navigating to TikTok login page
[2024-12-24T13:06:25.586Z] [INFO] Loading cookies
[2024-12-24T13:06:25.592Z] [INFO] Loading 32 cookies
[2024-12-24T13:06:25.989Z] [INFO] Loading localStorage data
[2024-12-24T13:06:26.047Z] [INFO] Session data loaded successfully
[2024-12-24T13:06:26.049Z] [INFO] Navigating to upload page
[2024-12-24T13:06:33.330Z] [INFO] Waiting for file input
[2024-12-24T13:06:33.525Z] [INFO] Uploading file
[2024-12-24T13:06:35.105Z] [INFO] Upload progress: 0%
[2024-12-24T13:06:35.784Z] [INFO] Upload progress: 0%
[2024-12-24T13:06:36.618Z] [INFO] Upload progress: 0%
[2024-12-24T13:06:37.654Z] [INFO] Upload progress: 0%
[2024-12-24T13:06:38.327Z] [INFO] Upload success indicator found
[2024-12-24T13:06:38.328Z] [INFO] Upload confirmed successful, proceeding with caption
[2024-12-24T13:06:38.331Z] [INFO] Adding caption
[2024-12-24T13:06:39.328Z] [INFO] Finalizing post
[2024-12-24T13:06:44.456Z] [INFO] Post button clicked, waiting for completion
[2024-12-24T13:07:39.373Z] [INFO] Post process completed successfully
[2024-12-24T13:07:39.374Z] [INFO] Closing browser
[2024-12-24T13:08:08.377Z] [INFO] Launching browser
[2024-12-24T13:08:09.855Z] [INFO] Navigating to TikTok login page
[2024-12-24T13:08:18.210Z] [INFO] Loading cookies
[2024-12-24T13:08:18.227Z] [INFO] Loading 32 cookies
[2024-12-24T13:08:18.444Z] [INFO] Loading localStorage data
[2024-12-24T13:08:18.495Z] [INFO] Session data loaded successfully
[2024-12-24T13:08:18.497Z] [INFO] Navigating to upload page
[2024-12-24T13:08:24.674Z] [INFO] Waiting for file input
[2024-12-24T13:08:24.719Z] [INFO] Uploading file
[2024-12-24T13:08:26.361Z] [INFO] Upload progress: 0%
[2024-12-24T13:08:26.999Z] [INFO] Upload progress: 0%
[2024-12-24T13:08:28.041Z] [INFO] Upload progress: 0%
[2024-12-24T13:08:28.450Z] [INFO] Upload success indicator found
[2024-12-24T13:08:28.451Z] [INFO] Upload confirmed successful, proceeding with caption
[2024-12-24T13:08:28.453Z] [INFO] Adding caption
[2024-12-24T13:08:29.334Z] [INFO] Finalizing post
[2024-12-24T13:08:34.486Z] [INFO] Post button clicked, waiting for completion
[2024-12-24T13:09:20.671Z] [INFO] Post process completed successfully
[2024-12-24T13:09:20.675Z] [INFO] Closing browser
[2024-12-24T13:09:49.447Z] [INFO] Launching browser
[2024-12-24T13:09:50.691Z] [INFO] Navigating to TikTok login page
[2024-12-24T13:09:58.610Z] [INFO] Loading cookies
[2024-12-24T13:09:58.625Z] [INFO] Loading 32 cookies
[2024-12-24T13:09:58.839Z] [INFO] Loading localStorage data
[2024-12-24T13:09:58.883Z] [INFO] Session data loaded successfully
[2024-12-24T13:09:58.884Z] [INFO] Navigating to upload page
[2024-12-24T13:10:05.939Z] [INFO] Waiting for file input
[2024-12-24T13:10:05.990Z] [INFO] Uploading file
[2024-12-24T13:10:07.755Z] [INFO] Upload progress: 0%
[2024-12-24T13:10:08.191Z] [INFO] Upload progress: 0%
[2024-12-24T13:10:09.114Z] [INFO] Upload progress: 0%
[2024-12-24T13:10:10.065Z] [INFO] Upload progress: 0%
[2024-12-24T13:10:11.078Z] [INFO] Upload progress: 0%
[2024-12-24T13:10:11.784Z] [INFO] Upload success indicator found
[2024-12-24T13:10:11.785Z] [INFO] Upload confirmed successful, proceeding with caption
[2024-12-24T13:10:11.787Z] [INFO] Adding caption
[2024-12-24T13:10:12.739Z] [INFO] Finalizing post
[2024-12-24T13:10:17.919Z] [INFO] Post button clicked, waiting for completion
[2024-12-24T13:11:17.201Z] [INFO] Post process completed successfully
[2024-12-24T13:11:17.206Z] [INFO] Closing browser
[2024-12-24T13:21:05.063Z] [INFO] Launching browser
[2024-12-24T13:21:06.352Z] [INFO] Navigating to TikTok login page
[2024-12-24T13:21:14.655Z] [INFO] Loading cookies
[2024-12-24T13:21:14.671Z] [INFO] Loading 32 cookies
[2024-12-24T13:21:14.912Z] [INFO] Loading localStorage data
[2024-12-24T13:21:14.955Z] [INFO] Session data loaded successfully
[2024-12-24T13:21:14.958Z] [INFO] Validating session
[2024-12-24T13:21:25.617Z] [INFO] Session validation successful
[2024-12-24T13:21:25.618Z] [INFO] Navigating to upload page
[2024-12-24T13:21:32.967Z] [INFO] Waiting for file input
[2024-12-24T13:21:32.997Z] [INFO] Uploading file
[2024-12-24T13:21:34.850Z] [INFO] Upload progress: 0%
[2024-12-24T13:21:35.365Z] [INFO] Upload progress: 0%
[2024-12-24T13:21:36.119Z] [INFO] Upload progress: 0%
[2024-12-24T13:21:37.081Z] [INFO] Upload progress: 0%
[2024-12-24T13:21:37.864Z] [INFO] Upload success indicator found
[2024-12-24T13:21:37.865Z] [INFO] Upload confirmed successful, proceeding with caption
[2024-12-24T13:21:37.867Z] [INFO] Adding caption
[2024-12-24T13:21:38.737Z] [INFO] Finalizing post
[2024-12-24T13:21:43.744Z] [INFO] Post button clicked, waiting for completion
[2024-12-24T13:22:41.445Z] [INFO] Post process completed successfully
[2024-12-24T13:22:41.447Z] [INFO] Closing browser
[2024-12-24T13:23:50.968Z] [INFO] Launching browser
[2024-12-24T13:23:54.001Z] [INFO] Navigating to TikTok login page
[2024-12-24T13:24:04.373Z] [INFO] Loading cookies
[2024-12-24T13:24:04.393Z] [INFO] Loading 32 cookies
[2024-12-24T13:24:04.593Z] [INFO] Loading localStorage data
[2024-12-24T13:24:04.637Z] [INFO] Session data loaded successfully
[2024-12-24T13:24:04.638Z] [INFO] Validating session
[2024-12-24T13:24:16.981Z] [INFO] Session validation successful
[2024-12-24T13:24:16.984Z] [INFO] Navigating to upload page
[2024-12-24T13:24:24.196Z] [INFO] Waiting for file input
[2024-12-24T13:24:24.224Z] [INFO] Uploading file
[2024-12-24T13:24:27.038Z] [INFO] Upload progress: 0%
[2024-12-24T13:24:27.650Z] [INFO] Upload progress: 0%
[2024-12-24T13:24:28.364Z] [INFO] Upload progress: 0%
[2024-12-24T13:24:29.339Z] [INFO] Upload progress: 0%
[2024-12-24T13:24:29.906Z] [INFO] Upload success indicator found
[2024-12-24T13:24:29.908Z] [INFO] Upload confirmed successful, proceeding with caption
[2024-12-24T13:24:29.909Z] [INFO] Adding caption
[2024-12-24T13:24:30.985Z] [INFO] Finalizing post
[2024-12-24T13:25:39.454Z] [INFO] Launching browser
[2024-12-24T13:25:40.782Z] [INFO] Navigating to TikTok login page
[2024-12-24T13:25:49.623Z] [INFO] Loading cookies
[2024-12-24T13:25:49.639Z] [INFO] Loading 32 cookies
[2024-12-24T13:25:50.196Z] [INFO] Loading localStorage data
[2024-12-24T13:25:50.249Z] [INFO] Session data loaded successfully
[2024-12-24T13:25:50.251Z] [INFO] Validating session
[2024-12-24T13:26:01.151Z] [INFO] Session validation successful
[2024-12-24T13:26:01.152Z] [INFO] Navigating to upload page
[2024-12-24T13:26:08.217Z] [INFO] Waiting for file input
[2024-12-24T13:26:08.252Z] [INFO] Uploading file
[2024-12-24T13:26:09.944Z] [INFO] Upload progress: 0%
[2024-12-24T13:26:10.730Z] [INFO] Upload progress: 0%
[2024-12-24T13:26:11.343Z] [INFO] Upload progress: 0%
[2024-12-24T13:26:12.321Z] [INFO] Upload progress: 0%
[2024-12-24T13:26:13.089Z] [INFO] Upload success indicator found
[2024-12-24T13:26:13.092Z] [INFO] Upload confirmed successful, proceeding with caption
[2024-12-24T13:26:13.096Z] [INFO] Adding caption
[2024-12-24T13:28:50.436Z] [INFO] Launching browser
[2024-12-24T13:28:51.651Z] [INFO] Navigating to TikTok login page
[2024-12-24T13:28:59.814Z] [INFO] Loading cookies
[2024-12-24T13:28:59.832Z] [INFO] Loading 32 cookies
[2024-12-24T13:29:00.043Z] [INFO] Loading localStorage data
[2024-12-24T13:29:00.092Z] [INFO] Session data loaded successfully
[2024-12-24T13:29:00.094Z] [INFO] Validating session
[2024-12-24T13:29:10.485Z] [INFO] Session validation successful
[2024-12-24T13:29:10.488Z] [INFO] Navigating to upload page
[2024-12-24T13:29:18.241Z] [INFO] Waiting for file input
[2024-12-24T13:29:18.289Z] [INFO] Uploading file
[2024-12-24T13:29:20.135Z] [INFO] Upload progress: %
[2024-12-24T13:29:20.889Z] [INFO] Upload progress: 0%%
[2024-12-24T13:29:21.396Z] [INFO] Upload progress: 47.6%%
[2024-12-24T13:29:22.362Z] [INFO] Upload progress: 99%%
[2024-12-24T13:29:23.182Z] [INFO] Upload success indicator found
[2024-12-24T13:29:23.183Z] [INFO] Upload confirmed successful, proceeding with caption
[2024-12-24T13:29:23.185Z] [INFO] Adding caption
[2024-12-24T13:29:24.034Z] [INFO] Finalizing post
[2024-12-24T13:29:29.166Z] [INFO] Post button clicked, waiting for completion
[2024-12-24T13:30:15.447Z] [INFO] Post process completed successfully
[2024-12-24T13:30:15.451Z] [INFO] Closing browser
